<?xml version='1.0' encoding='UTF-8'?>
<testsuite hostname="HAMACL00576" name="Weirdle" tests="1" errors="0" failures="0" skipped="0" time="0.38" timestamp="2024-06-23T16:52:31">
          <properties>
      <property name="java.specification.version" value="22"/><property name="sun.jnu.encoding" value="UTF-8"/><property name="sun.arch.data.model" value="64"/><property name="java.vendor.url" value="https://github.com/Homebrew/homebrew-core/issues"/><property name="sun.boot.library.path" value="/opt/homebrew/Cellar/openjdk/22.0.1/libexec/openjdk.jdk/Contents/Home/lib"/><property name="sun.java.command" value="/opt/homebrew/Cellar/sbt/1.10.0/libexec/bin/sbt-launch.jar test"/><property name="jdk.debug" value="release"/><property name="java.specification.vendor" value="Oracle Corporation"/><property name="java.version.date" value="2024-04-16"/><property name="java.home" value="/opt/homebrew/Cellar/openjdk/22.0.1/libexec/openjdk.jdk/Contents/Home"/><property name="file.separator" value="/"/><property name="java.vm.compressedOopsMode" value="Zero based"/><property name="line.separator" value="
"/><property name="java.vm.specification.vendor" value="Oracle Corporation"/><property name="java.specification.name" value="Java Platform API Specification"/><property name="sun.management.compiler" value="HotSpot 64-Bit Tiered Compilers"/><property name="java.runtime.version" value="22.0.1"/><property name="user.name" value="stuart.duffy"/><property name="log4j.ignoreTCL" value="true"/><property name="file.encoding" value="UTF-8"/><property name="java.vendor.version" value="Homebrew"/><property name="java.io.tmpdir" value="/var/folders/wj/p93t0_394_xcyk7f5gm490xh0000gp/T/"/><property name="java.version" value="22.0.1"/><property name="java.vm.specification.name" value="Java Virtual Machine Specification"/><property name="native.encoding" value="UTF-8"/><property name="java.library.path" value="/Users/stuart.duffy/Library/Java/Extensions:/Library/Java/Extensions:/Network/Library/Java/Extensions:/System/Library/Java/Extensions:/usr/lib/java:."/><property name="stderr.encoding" value="UTF-8"/><property name="java.vendor" value="Homebrew"/><property name="scala.ext.dirs" value="/Users/stuart.duffy/.sbt/1.0/java9-rt-ext-homebrew_22_0_1"/><property name="sun.io.unicode.encoding" value="UnicodeBig"/><property name="java.class.path" value="/opt/homebrew/Cellar/sbt/1.10.0/libexec/bin/sbt-launch.jar"/><property name="java.vm.vendor" value="Homebrew"/><property name="jline.shutdownhook" value="false"/><property name="user.timezone" value="Europe/Berlin"/><property name="java.vm.specification.version" value="22"/><property name="os.name" value="Mac OS X"/><property name="sun.java.launcher" value="SUN_STANDARD"/><property name="user.country" value="DE"/><property name="sun.cpu.endian" value="little"/><property name="user.home" value="/Users/stuart.duffy"/><property name="user.language" value="en"/><property name="sbt.script" value="/opt/homebrew/Cellar/sbt/1.10.0/libexec/bin/sbt"/><property name="sbt.ipcsocket.tmpdir" value="/var/folders/wj/p93t0_394_xcyk7f5gm490xh0000gp/T/.sbtca45730c/ipcsocket"/><property name="swoval.tmpdir" value="/var/folders/wj/p93t0_394_xcyk7f5gm490xh0000gp/T/.sbtca45730c/swoval"/><property name="apple.awt.application.name" value="Boot"/><property name="jline.esc.timeout" value="0"/><property name="stdout.encoding" value="UTF-8"/><property name="path.separator" value=":"/><property name="os.version" value="14.5"/><property name="jna.nosys" value="true"/><property name="java.runtime.name" value="OpenJDK Runtime Environment"/><property name="java.vm.name" value="OpenJDK 64-Bit Server VM"/><property name="java.vendor.url.bug" value="https://github.com/Homebrew/homebrew-core/issues"/><property name="user.dir" value="/Users/stuart.duffy/Projects/weirdle-scalatest"/><property name="os.arch" value="aarch64"/><property name="java.vm.info" value="mixed mode, sharing"/><property name="java.vm.version" value="22.0.1"/><property name="java.class.version" value="66.0"/>
    </properties>
          <testcase classname="Weirdle" name="The blog app home page should have the correct title" time="0.38">
                      
                    </testcase>
          <system-out><![CDATA[]]></system-out>
          <system-err><![CDATA[]]></system-err>
        </testsuite>